<?xml version="1.0" encoding="UTF-8"?>
<!-- Generated by org.testng.reporters.JUnitReportReporter -->
<testsuite hostname="LAPTOP-RBCFUCTK" name="cucumberOptions.TestRunner" tests="1" failures="0" timestamp="12 Apr 2020 21:05:13 GMT" time="45.248" errors="0">
  <testcase name="feature" time="45.248" classname="cucumberOptions.TestRunner"/>
</testsuite> <!-- cucumberOptions.TestRunner -->
