<?xml version="1.0" encoding="UTF-8"?>
<!-- Generated by org.testng.reporters.JUnitReportReporter -->
<testsuite hostname="LAPTOP-RBCFUCTK" name="Automation.HomePage" tests="1" failures="0" timestamp="9 Apr 2020 22:03:19 GMT" time="14.194" errors="0">
  <testcase name="homePageNavigation" time="14.194" classname="Automation.HomePage"/>
</testsuite> <!-- Automation.HomePage -->
