<?xml version="1.0" encoding="UTF-8"?>
<!-- Generated by org.testng.reporters.JUnitReportReporter -->
<testsuite hostname="LAPTOP-RBCFUCTK" name="cucumberOptions.TestRunner" tests="5" failures="0" timestamp="17 Apr 2020 20:27:41 GMT" time="27.110" errors="0">
  <testcase name="feature" time="0.002" classname="cucumberOptions.TestRunner"/>
  <testcase name="feature" time="16.049" classname="cucumberOptions.TestRunner"/>
  <testcase name="feature" time="0.001" classname="cucumberOptions.TestRunner"/>
  <testcase name="feature" time="0.006" classname="cucumberOptions.TestRunner"/>
  <testcase name="feature" time="11.052" classname="cucumberOptions.TestRunner"/>
</testsuite> <!-- cucumberOptions.TestRunner -->
