<?xml version="1.0" encoding="UTF-8"?>
<!-- Generated by org.testng.reporters.JUnitReportReporter -->
<testsuite hostname="LAPTOP-RBCFUCTK" name="stepDefinitions.StepDefAddToCart" tests="2" failures="0" timestamp="13 Apr 2020 22:58:00 GMT" time="41.593" errors="0">
  <testcase name="user_adds_products_to_the_cart_and_proceeds_to_checkout" time="41.585" classname="stepDefinitions.StepDefAddToCart"/>
  <testcase name="order_is_successful_and_a_confirmation_is_displayed" time="0.008" classname="stepDefinitions.StepDefAddToCart"/>
</testsuite> <!-- stepDefinitions.StepDefAddToCart -->
