<?xml version="1.0" encoding="UTF-8"?>
<!-- Generated by org.testng.reporters.JUnitReportReporter -->
<testsuite hostname="LAPTOP-RBCFUCTK" name="cucumberOptions.TestRunner" tests="1" failures="0" timestamp="10 Apr 2020 15:25:37 GMT" time="37.543" errors="0">
  <testcase name="feature" time="37.543" classname="cucumberOptions.TestRunner"/>
</testsuite> <!-- cucumberOptions.TestRunner -->
